{"name": "Logo presence in login page", "status": "broken", "statusDetails": {"message": "selenium.common.exceptions.NoSuchElementException: Message: no such element: Unable to locate element: {\"method\":\"xpath\",\"selector\":\"//img[@alt='company-branding']\"}\n  (Session info: chrome=108.0.5359.71)\nStacktrace:\n0   chromedriver                        0x0000000104a6bb44 chromedriver + 4209476\n1   chromedriver                        0x00000001049f73e0 chromedriver + 3732448\n2   chromedriver                        0x00000001046aa368 chromedriver + 271208\n3   chromedriver                        0x00000001046e5fc8 chromedriver + 516040\n4   chromedriver                        0x000000010471d804 chromedriver + 743428\n5   chromedriver                        0x00000001046d859c chromedriver + 460188\n6   chromedriver                        0x00000001046d9644 chromedriver + 464452\n7   chromedriver                        0x0000000104a3d2d4 chromedriver + 4018900\n8   chromedriver                        0x0000000104a40fa0 chromedriver + 4034464\n9   chromedriver                        0x0000000104a470e4 chromedriver + 4059364\n10  chromedriver                        0x0000000104a41b74 chromedriver + 4037492\n11  chromedriver                        0x0000000104a1bb78 chromedriver + 3881848\n12  chromedriver                        0x0000000104a5e0e8 chromedriver + 4153576\n13  chromedriver                        0x0000000104a5e23c chromedriver + 4153916\n14  chromedriver                        0x0000000104a727f4 chromedriver + 4237300\n15  libsystem_pthread.dylib             0x000000019dfe606c _pthread_start + 148\n16  libsystem_pthread.dylib             0x000000019dfe0e2c thread_start + 8\n\n", "trace": "  File \"/Users/shilpakjose/PycharmProjects/webdrivermanger/venv/lib/python3.11/site-packages/behave/model.py\", line 1329, in run\n    match.run(runner.context)\n  File \"/Users/shilpakjose/PycharmProjects/webdrivermanger/venv/lib/python3.11/site-packages/behave/matchers.py\", line 98, in run\n    self.func(context, *args, **kwargs)\n  File \"features/steps/loginpage.py\", line 23, in logoPresene\n    status=context.driver.find_element(By.XPATH,\"//img[@alt='company-branding']\").is_displayed()\n           ^^^^^^^^^^^^^^^^^^^^^^^^^^^^^^^^^^^^^^^^^^^^^^^^^^^^^^^^^^^^^^^^^^^^^^\n  File \"/Users/shilpakjose/PycharmProjects/webdrivermanger/venv/lib/python3.11/site-packages/selenium/webdriver/remote/webdriver.py\", line 856, in find_element\n    return self.execute(Command.FIND_ELEMENT, {\n           ^^^^^^^^^^^^^^^^^^^^^^^^^^^^^^^^^^^^\n  File \"/Users/shilpakjose/PycharmProjects/webdrivermanger/venv/lib/python3.11/site-packages/selenium/webdriver/remote/webdriver.py\", line 429, in execute\n    self.error_handler.check_response(response)\n  File \"/Users/shilpakjose/PycharmProjects/webdrivermanger/venv/lib/python3.11/site-packages/selenium/webdriver/remote/errorhandler.py\", line 243, in check_response\n    raise exception_class(message, screen, stacktrace)\n"}, "steps": [{"name": "Given :launch chrome browser", "status": "passed", "start": 1669800634310, "stop": 1669800639279}, {"name": "When :open orange HRpage", "status": "passed", "start": 1669800639280, "stop": 1669800655635}, {"name": "Then :verify the logo presence", "status": "broken", "statusDetails": {"message": "selenium.common.exceptions.NoSuchElementException: Message: no such element: Unable to locate element: {\"method\":\"xpath\",\"selector\":\"//img[@alt='company-branding']\"}\n  (Session info: chrome=108.0.5359.71)\nStacktrace:\n0   chromedriver                        0x0000000104a6bb44 chromedriver + 4209476\n1   chromedriver                        0x00000001049f73e0 chromedriver + 3732448\n2   chromedriver                        0x00000001046aa368 chromedriver + 271208\n3   chromedriver                        0x00000001046e5fc8 chromedriver + 516040\n4   chromedriver                        0x000000010471d804 chromedriver + 743428\n5   chromedriver                        0x00000001046d859c chromedriver + 460188\n6   chromedriver                        0x00000001046d9644 chromedriver + 464452\n7   chromedriver                        0x0000000104a3d2d4 chromedriver + 4018900\n8   chromedriver                        0x0000000104a40fa0 chromedriver + 4034464\n9   chromedriver                        0x0000000104a470e4 chromedriver + 4059364\n10  chromedriver                        0x0000000104a41b74 chromedriver + 4037492\n11  chromedriver                        0x0000000104a1bb78 chromedriver + 3881848\n12  chromedriver                        0x0000000104a5e0e8 chromedriver + 4153576\n13  chromedriver                        0x0000000104a5e23c chromedriver + 4153916\n14  chromedriver                        0x0000000104a727f4 chromedriver + 4237300\n15  libsystem_pthread.dylib             0x000000019dfe606c _pthread_start + 148\n16  libsystem_pthread.dylib             0x000000019dfe0e2c thread_start + 8\n\n", "trace": "  File \"/Users/shilpakjose/PycharmProjects/webdrivermanger/venv/lib/python3.11/site-packages/behave/model.py\", line 1329, in run\n    match.run(runner.context)\n  File \"/Users/shilpakjose/PycharmProjects/webdrivermanger/venv/lib/python3.11/site-packages/behave/matchers.py\", line 98, in run\n    self.func(context, *args, **kwargs)\n  File \"features/steps/loginpage.py\", line 23, in logoPresene\n    status=context.driver.find_element(By.XPATH,\"//img[@alt='company-branding']\").is_displayed()\n           ^^^^^^^^^^^^^^^^^^^^^^^^^^^^^^^^^^^^^^^^^^^^^^^^^^^^^^^^^^^^^^^^^^^^^^\n  File \"/Users/shilpakjose/PycharmProjects/webdrivermanger/venv/lib/python3.11/site-packages/selenium/webdriver/remote/webdriver.py\", line 856, in find_element\n    return self.execute(Command.FIND_ELEMENT, {\n           ^^^^^^^^^^^^^^^^^^^^^^^^^^^^^^^^^^^^\n  File \"/Users/shilpakjose/PycharmProjects/webdrivermanger/venv/lib/python3.11/site-packages/selenium/webdriver/remote/webdriver.py\", line 429, in execute\n    self.error_handler.check_response(response)\n  File \"/Users/shilpakjose/PycharmProjects/webdrivermanger/venv/lib/python3.11/site-packages/selenium/webdriver/remote/errorhandler.py\", line 243, in check_response\n    raise exception_class(message, screen, stacktrace)\n"}, "start": 1669800655635, "stop": 1669800655643}, {"name": "And :close browser", "status": "skipped", "start": 1669800655643, "stop": 1669800655643}], "start": 1669800634310, "stop": 1669800655643, "uuid": "2c4cdc1d-66a8-4ec1-a8cd-a76ea1c6be73", "historyId": "eac57d63b7aaa7524e5ddb34543c6162", "fullName": "Login orangeHR: Logo presence in login page", "labels": [{"name": "severity", "value": "normal"}, {"name": "feature", "value": "Login orangeHR"}, {"name": "framework", "value": "behave"}, {"name": "language", "value": "cpython3"}]}